Warning: no access to tty (Bad file descriptor).
Thus no job control in this shell.
n = 500, simulation time = 0.01874 seconds
Application 6075021 resources: utime ~0s, stime ~0s

 + --------------------------------------------------------------------------
 +        Job name: job-hopper-serial
 +          Job Id: 1331905.sdb
 +          System: hopper
 +     Queued Time: Mon Feb 27 18:34:34 2012
 +      Start Time: Mon Feb 27 18:35:33 2012
 + Completion Time: Mon Feb 27 18:35:35 2012
 +            User: cmchin
 +        MOM Host: nid04942
 +           Queue: debug
 +  Req. Resources: other=QSUBPID:18006:hopper07,walltime=00:10:00
 +  Used Resources: cput=00:00:00,mem=0kb,vmem=0kb,walltime=00:00:02
 +     Acct String: mp309
 +   PBS_O_WORKDIR: /global/homes/c/cmchin/franklin/CS267-hw2/particles
 +     Submit Args: job-hopper-serial
 + --------------------------------------------------------------------------

