Warning: no access to tty (Bad file descriptor).
Thus no job control in this shell.
blks_num 11, blks_size 0.642824, subblks_num 32, subblks_size 0.020088, totblks_num 352 
size 7.071068, totblks_num * subblks_size 7.071068 
shit allocated 
pthreads created 
first thread runs 
n = 100000, n_threads = 121, simulation time = 3.85727 seconds
Application 7062947 resources: utime ~57s, stime ~1s

 + --------------------------------------------------------------------------
 +        Job name: job-hopper-pthreads24
 +          Job Id: 1553421.sdb
 +          System: hopper
 +     Queued Time: Mon Apr 23 20:53:43 2012
 +      Start Time: Mon Apr 23 20:59:09 2012
 + Completion Time: Mon Apr 23 20:59:18 2012
 +            User: cmchin
 +        MOM Host: nid03841
 +           Queue: debug
 +  Req. Resources: other=QSUBPID:32378:hopper10,walltime=00:10:00
 +  Used Resources: cput=00:00:00,mem=5360kb,vmem=40060kb,walltime=00:00:09
 +     Acct String: mp309
 +   PBS_O_WORKDIR: /global/homes/c/cmchin/franklin/CS267-hw2/particles
 +     Submit Args: job-hopper-pthreads24
 + --------------------------------------------------------------------------

