Warning: no access to tty (Bad file descriptor).
Thus no job control in this shell.
The value of n is  500 
The box size is 0.500000 
n = -2147483648, simulation time = 1.86848 seconds
Application 25963709 resources: utime 0, stime 0

 + --------------------------------------------------------------------------
 +        Job name: job-franklin-serial
 +          Job Id: 7518269.nid00003
 +          System: franklin
 +     Queued Time: Sat Feb 25 13:14:10 2012
 +      Start Time: Sat Feb 25 13:14:36 2012
 + Completion Time: Sat Feb 25 13:14:40 2012
 +            User: cmchin
 +        MOM Host: nid00259
 +           Queue: debug
 +  Req. Resources: other=QSUBPID:55028:nid00235,walltime=00:10:00
 +  Used Resources: cput=00:00:00,mem=0kb,vmem=0kb,walltime=00:00:04
 +     Acct String: mp309
 +   PBS_O_WORKDIR: /global/homes/c/cmchin/franklin/CS267-hw2/particles
 +     Submit Args: job-franklin-serial
 + --------------------------------------------------------------------------

